<?xml version="1.0" encoding="UTF-8"?>
<testng-results skipped="0" failed="1" total="2" passed="1">
  <reporter-output>
  </reporter-output>
  <suite name="Default suite" duration-ms="108625" started-at="2020-03-07T20:57:53Z" finished-at="2020-03-07T20:59:42Z">
    <groups>
    </groups>
    <test name="Default test" duration-ms="108625" started-at="2020-03-07T20:57:53Z" finished-at="2020-03-07T20:59:42Z">
      <class name="com.midtrans.demo.testcases.ProductPurchaseTest">
        <test-method status="PASS" signature="setup()[pri:0, instance:com.midtrans.demo.testcases.ProductPurchaseTest@3701eaf6]" name="setup" is-config="true" duration-ms="16638" started-at="2020-03-08T02:27:56Z" finished-at="2020-03-08T02:28:12Z">
          <reporter-output>
          </reporter-output>
        </test-method> <!-- setup -->
        <test-method status="PASS" signature="ProductPurchaseSuccessFlowTest(java.lang.String, java.lang.String, java.lang.String, java.lang.String, java.lang.String, java.lang.String, java.lang.String, java.lang.String, java.lang.String, java.lang.String, java.lang.String)[pri:0, instance:com.midtrans.demo.testcases.ProductPurchaseTest@3701eaf6]" name="ProductPurchaseSuccessFlowTest" duration-ms="35140" started-at="2020-03-08T02:28:12Z" data-provider="addCustomerDetails" finished-at="2020-03-08T02:28:47Z">
          <params>
            <param index="0">
              <value>
                <![CDATA[nilesh1]]>
              </value>
            </param>
            <param index="1">
              <value>
                <![CDATA[test1@gmail.com]]>
              </value>
            </param>
            <param index="2">
              <value>
                <![CDATA[1236627372]]>
              </value>
            </param>
            <param index="3">
              <value>
                <![CDATA[India]]>
              </value>
            </param>
            <param index="4">
              <value>
                <![CDATA[Pune,Maharshtra,India]]>
              </value>
            </param>
            <param index="5">
              <value>
                <![CDATA[6734732]]>
              </value>
            </param>
            <param index="6">
              <value>
                <![CDATA[Credit Card]]>
              </value>
            </param>
            <param index="7">
              <value>
                <![CDATA[4811 1111 1111 1114]]>
              </value>
            </param>
            <param index="8">
              <value>
                <![CDATA[3/20]]>
              </value>
            </param>
            <param index="9">
              <value>
                <![CDATA[123]]>
              </value>
            </param>
            <param index="10">
              <value>
                <![CDATA[112233]]>
              </value>
            </param>
          </params>
          <reporter-output>
          </reporter-output>
        </test-method> <!-- ProductPurchaseSuccessFlowTest -->
        <test-method status="PASS" signature="tearDown(org.testng.ITestResult)[pri:0, instance:com.midtrans.demo.testcases.ProductPurchaseTest@3701eaf6]" name="tearDown" is-config="true" duration-ms="363" started-at="2020-03-08T02:28:47Z" finished-at="2020-03-08T02:28:48Z">
          <params>
            <param index="0">
              <value>
                <![CDATA[[TestResult name=ProductPurchaseSuccessFlowTest status=SUCCESS method=ProductPurchaseTest.ProductPurchaseSuccessFlowTest(java.lang.String, java.lang.String, java.lang.String, java.lang.String, java.lang.String, java.lang.String, java.lang.String, java.lang.String, java.lang.String, java.lang.String, java.lang.String)[pri:0, instance:com.midtrans.demo.testcases.ProductPurchaseTest@3701eaf6] output={null}]]]>
              </value>
            </param>
          </params>
          <reporter-output>
          </reporter-output>
        </test-method> <!-- tearDown -->
        <test-method status="PASS" signature="setup()[pri:0, instance:com.midtrans.demo.testcases.ProductPurchaseTest@3701eaf6]" name="setup" is-config="true" duration-ms="10678" started-at="2020-03-08T02:28:48Z" finished-at="2020-03-08T02:28:59Z">
          <reporter-output>
          </reporter-output>
        </test-method> <!-- setup -->
        <test-method status="FAIL" signature="ProductPurchaseSuccessFlowTest(java.lang.String, java.lang.String, java.lang.String, java.lang.String, java.lang.String, java.lang.String, java.lang.String, java.lang.String, java.lang.String, java.lang.String, java.lang.String)[pri:0, instance:com.midtrans.demo.testcases.ProductPurchaseTest@3701eaf6]" name="ProductPurchaseSuccessFlowTest" duration-ms="41244" started-at="2020-03-08T02:28:59Z" data-provider="addCustomerDetails" finished-at="2020-03-08T02:29:40Z">
          <params>
            <param index="0">
              <value>
                <![CDATA[nilesh2]]>
              </value>
            </param>
            <param index="1">
              <value>
                <![CDATA[test2@gmail.com]]>
              </value>
            </param>
            <param index="2">
              <value>
                <![CDATA[1236627373]]>
              </value>
            </param>
            <param index="3">
              <value>
                <![CDATA[Canada]]>
              </value>
            </param>
            <param index="4">
              <value>
                <![CDATA[Torronto,Canada]]>
              </value>
            </param>
            <param index="5">
              <value>
                <![CDATA[9869868]]>
              </value>
            </param>
            <param index="6">
              <value>
                <![CDATA[Credit Card]]>
              </value>
            </param>
            <param index="7">
              <value>
                <![CDATA[4911 1111 1111 1113]]>
              </value>
            </param>
            <param index="8">
              <value>
                <![CDATA[3/20]]>
              </value>
            </param>
            <param index="9">
              <value>
                <![CDATA[123]]>
              </value>
            </param>
            <param index="10">
              <value>
                <![CDATA[112233]]>
              </value>
            </param>
          </params>
          <exception class="java.lang.AssertionError">
            <message>
              <![CDATA[expected [true] but found [false]]]>
            </message>
            <full-stacktrace>
              <![CDATA[java.lang.AssertionError: expected [true] but found [false]
	at org.testng.Assert.fail(Assert.java:94)
	at org.testng.Assert.failNotEquals(Assert.java:494)
	at org.testng.Assert.assertEquals(Assert.java:123)
	at org.testng.Assert.assertEquals(Assert.java:286)
	at org.testng.Assert.assertEquals(Assert.java:296)
	at com.midtrans.demo.testcases.ProductPurchaseTest.ProductPurchaseSuccessFlowTest(ProductPurchaseTest.java:219)
	at sun.reflect.NativeMethodAccessorImpl.invoke0(Native Method)
	at sun.reflect.NativeMethodAccessorImpl.invoke(NativeMethodAccessorImpl.java:62)
	at sun.reflect.DelegatingMethodAccessorImpl.invoke(DelegatingMethodAccessorImpl.java:43)
	at java.lang.reflect.Method.invoke(Method.java:498)
	at org.testng.internal.MethodInvocationHelper.invokeMethod(MethodInvocationHelper.java:84)
	at org.testng.internal.Invoker.invokeMethod(Invoker.java:714)
	at org.testng.internal.Invoker.invokeTestMethod(Invoker.java:901)
	at org.testng.internal.Invoker.invokeTestMethods(Invoker.java:1231)
	at org.testng.internal.TestMethodWorker.invokeTestMethods(TestMethodWorker.java:127)
	at org.testng.internal.TestMethodWorker.run(TestMethodWorker.java:111)
	at org.testng.TestRunner.privateRun(TestRunner.java:767)
	at org.testng.TestRunner.run(TestRunner.java:617)
	at org.testng.SuiteRunner.runTest(SuiteRunner.java:348)
	at org.testng.SuiteRunner.runSequentially(SuiteRunner.java:343)
	at org.testng.SuiteRunner.privateRun(SuiteRunner.java:305)
	at org.testng.SuiteRunner.run(SuiteRunner.java:254)
	at org.testng.SuiteRunnerWorker.runSuite(SuiteRunnerWorker.java:52)
	at org.testng.SuiteRunnerWorker.run(SuiteRunnerWorker.java:86)
	at org.testng.TestNG.runSuitesSequentially(TestNG.java:1224)
	at org.testng.TestNG.runSuitesLocally(TestNG.java:1149)
	at org.testng.TestNG.run(TestNG.java:1057)
	at org.testng.remote.AbstractRemoteTestNG.run(AbstractRemoteTestNG.java:115)
	at org.testng.remote.RemoteTestNG.initAndRun(RemoteTestNG.java:251)
	at org.testng.remote.RemoteTestNG.main(RemoteTestNG.java:77)
]]>
            </full-stacktrace>
          </exception> <!-- java.lang.AssertionError -->
          <reporter-output>
          </reporter-output>
        </test-method> <!-- ProductPurchaseSuccessFlowTest -->
        <test-method status="PASS" signature="tearDown(org.testng.ITestResult)[pri:0, instance:com.midtrans.demo.testcases.ProductPurchaseTest@3701eaf6]" name="tearDown" is-config="true" duration-ms="2124" started-at="2020-03-08T02:29:40Z" finished-at="2020-03-08T02:29:42Z">
          <params>
            <param index="0">
              <value>
                <![CDATA[[TestResult name=ProductPurchaseSuccessFlowTest status=FAILURE method=ProductPurchaseTest.ProductPurchaseSuccessFlowTest(java.lang.String, java.lang.String, java.lang.String, java.lang.String, java.lang.String, java.lang.String, java.lang.String, java.lang.String, java.lang.String, java.lang.String, java.lang.String)[pri:0, instance:com.midtrans.demo.testcases.ProductPurchaseTest@3701eaf6] output={null}]]]>
              </value>
            </param>
          </params>
          <reporter-output>
          </reporter-output>
        </test-method> <!-- tearDown -->
      </class> <!-- com.midtrans.demo.testcases.ProductPurchaseTest -->
    </test> <!-- Default test -->
  </suite> <!-- Default suite -->
</testng-results>
